\BOOKMARK [1][-]{section.1}{Introduction}{}% 1
\BOOKMARK [1][-]{section.2}{Analysis\040of\040the\040Problem}{}% 2
\BOOKMARK [1][-]{section.3}{Assumption}{}% 3
\BOOKMARK [2][-]{subsection.3.1}{Wind\040and\040ocean\040currents}{section.3}% 4
\BOOKMARK [2][-]{subsection.3.2}{Plane\040crash\040process}{section.3}% 5
\BOOKMARK [3][-]{subsubsection.3.2.1}{Assumption\040of\040aircraft\040falling\040outside\040conditions}{subsection.3.2}% 6
\BOOKMARK [3][-]{subsubsection.3.2.2}{Simple\040calculation\040of\040the\040falling\040position\040of\040aircraft}{subsection.3.2}% 7
\BOOKMARK [1][-]{section.4}{Bayesian\040Method}{}% 8
\BOOKMARK [2][-]{subsection.4.1}{Comparison\040of\040Search\040Methods}{section.4}% 9
\BOOKMARK [2][-]{subsection.4.2}{Bayesian\040Search\040Method}{section.4}% 10
\BOOKMARK [1][-]{section.5}{Probability\040of\040Containing}{}% 11
\BOOKMARK [2][-]{subsection.5.1}{Two\040Dropping\040Model}{section.5}% 12
\BOOKMARK [3][-]{subsubsection.5.1.1}{Model\0401:\040Flying\040Model}{subsection.5.1}% 13
\BOOKMARK [3][-]{subsubsection.5.1.2}{Model\0402:\040Falling\040Model}{subsection.5.1}% 14
\BOOKMARK [2][-]{subsection.5.2}{The\040Final\040Distribution\040of\040Probability}{section.5}% 15
\BOOKMARK [2][-]{subsection.5.3}{Calculate\040the\040Weight}{section.5}% 16
\BOOKMARK [1][-]{section.6}{Finding\040Model}{}% 17
\BOOKMARK [2][-]{subsection.6.1}{\040Introduction}{section.6}% 18
\BOOKMARK [2][-]{subsection.6.2}{\040Find\040the\040'q'}{section.6}% 19
\BOOKMARK [1][-]{section.7}{Improving\040the\040Model}{}% 20
\BOOKMARK [1][-]{section.8}{Conclusion}{}% 21
\BOOKMARK [1][-]{section.9}{The\040Appendix}{}% 22
